
Example 1: Extracting incident timing
--------------------------------------------------

Results:
extract the main incident date and time, and any additional timestamps with their significance
[
  {
    "main_incident_datetime": "2024-01-15 14:30:00",
    "additional_timestamps": [
      {
        "timestamp": "2024-01-16 08:00:00",
        "significance": "Patch applied to resolve memory leak."
      },
      {
        "timestamp": "2024-01-16 09:15:00",
        "significance": "Resolution confirmed after patch application."
      }
    ]
  },
  {
    "main_incident_datetime": "2024-02-05 09:00:00",
    "additional_timestamps": [
      {
        "timestamp": "2024-02-05 09:30:00",
        "significance": "Cache system restarted."
      },
      {
        "timestamp": "2024-02-05 14:00:00",
        "significance": "Slow query responses occurred."
      },
      {
        "timestamp": "2024-02-05 15:00:00",
        "significance": "Query optimization implemented."
      }
    ]
  },
  {
    "main_incident_datetime": "2024-02-01 10:00:00",
    "additional_timestamps": [
      {
        "timestamp": "2024-02-01 10:15:00",
        "significance": "Initial diagnosis identified router misconfiguration."
      },
      {
        "timestamp": "2024-02-01 10:30:00",
        "significance": "Applied fix for the router misconfiguration."
      },
      {
        "timestamp": "2024-02-01 10:45:00",
        "significance": "Confirmed full restoration of network connectivity."
      }
    ]
  },
  {
    "main_incident_datetime": "2024-02-10 09:00:00",
    "additional_timestamps": [
      {
        "timestamp": "2024-02-10 09:15:00",
        "significance": "Detected unexpected API behavior through monitoring."
      },
      {
        "timestamp": "2024-02-10 09:20:00",
        "significance": "Immediate rollback initiated."
      },
      {
        "timestamp": "2024-02-10 11:00:00",
        "significance": "Root cause analysis completed."
      }
    ]
  },
  {
    "main_incident_datetime": "2024-01-20 03:00:00",
    "additional_timestamps": [
      {
        "timestamp": "2024-01-20 04:30:00",
        "significance": "Emergency cleanup performed due to insufficient storage space."
      },
      {
        "timestamp": "2024-01-20 05:45:00",
        "significance": "Backup reattempted successfully after cleanup."
      },
      {
        "timestamp": "2024-01-20 05:45:00",
        "significance": "Added monitoring alert for storage capacity."
      }
    ]
  }
]

Example 2: Extracting technical details
--------------------------------------------------

Results:

    extract incident information including:
    - system component affected
    - issue type
    - severity
    - resolution steps
    
[
  {
    "system_component_affected": "server-01",
    "issue_type": "high CPU usage",
    "severity": "high",
    "resolution_steps": [
      {
        "step": "Investigated the issue"
      },
      {
        "step": "Identified memory leak in application A"
      },
      {
        "step": "Applied patch"
      },
      {
        "step": "Confirmed resolution"
      }
    ]
  },
  {
    "system_component_affected": "API",
    "issue_type": "Unexpected Behavior",
    "severity": "High",
    "resolution_steps": [
      {
        "step": "Rollback initiated"
      },
      {
        "step": "Root cause analysis completed"
      },
      {
        "step": "New update scheduled with additional testing"
      }
    ]
  },
  {
    "system_component_affected": "3 application servers",
    "issue_type": "Network connectivity drops",
    "severity": "High",
    "resolution_steps": [
      {
        "step": "Initial diagnosis at 10:15 identified router misconfiguration."
      },
      {
        "step": "Applied fix at 10:30."
      },
      {
        "step": "Confirmed full restoration at 10:45."
      }
    ]
  },
  {
    "system_component_affected": "Database",
    "issue_type": "Backup Failure",
    "severity": "Critical",
    "resolution_steps": [
      {
        "step": "Emergency cleanup performed to free up storage space."
      },
      {
        "step": "Backup reattempted successfully."
      },
      {
        "step": "Added monitoring alert for storage capacity."
      }
    ]
  },
  {
    "system_component_affected": "Cache System",
    "issue_type": "Cache Invalidation Error",
    "severity": "High",
    "resolution_steps": [
      {
        "step": "Cache system restarted at 09:30"
      }
    ]
  },
  {
    "system_component_affected": "Database",
    "issue_type": "Slow Query Response",
    "severity": "Medium",
    "resolution_steps": [
      {
        "step": "Query optimization implemented at 15:00"
      }
    ]
  }
]

Example 3: Complex nested extraction
--------------------------------------------------

Results:

    extract structured information where:
    - each incident has a system component and timestamp
    - actions have timing and outcome
    - metrics include before and after values if available
    
[
  {
    "incidents": [
      {
        "system_component": "API",
        "timestamp": "2024-02-10 09:15:00",
        "cpu_usage": null,
        "memory_leak_application": null
      }
    ]
  },
  {
    "incidents": [
      {
        "system_component": "server-01",
        "timestamp": "2024-01-15 14:30:00",
        "cpu_usage": 92.0,
        "memory_leak_application": "application A"
      }
    ]
  },
  {
    "incidents": [
      {
        "system_component": "Database",
        "timestamp": "2024-01-20 03:00:00",
        "cpu_usage": null,
        "memory_leak_application": null
      }
    ]
  },
  {
    "incidents": [
      {
        "system_component": "application servers",
        "timestamp": "2024-02-01 10:00:00",
        "cpu_usage": null,
        "memory_leak_application": null
      }
    ]
  },
  {
    "incidents": [
      {
        "system_component": "Cache System",
        "timestamp": "2024-02-05 09:00:00",
        "cpu_usage": null,
        "memory_leak_application": null
      },
      {
        "system_component": "Database",
        "timestamp": "2024-02-05 14:00:00",
        "cpu_usage": null,
        "memory_leak_application": null
      }
    ]
  }
]

Example 4: Preview generated schema
--------------------------------------------------

Generated Schema:
extract system component, issue details, and resolution steps
{
  "$defs": {
    "SystemComponentIssueResolutionissue": {
      "description": "Details about the issue detected.",
      "properties": {
        "description": {
          "anyOf": [
            {
              "type": "string"
            },
            {
              "type": "null"
            }
          ],
          "default": null,
          "description": "Description of the issue.",
          "title": "Description"
        },
        "severity_level": {
          "anyOf": [
            {
              "type": "string"
            },
            {
              "type": "null"
            }
          ],
          "default": null,
          "description": "Severity level of the issue (e.g., low, medium, high).",
          "title": "Severity Level"
        },
        "timestamp": {
          "anyOf": [
            {
              "type": "string"
            },
            {
              "type": "null"
            }
          ],
          "default": null,
          "description": "Timestamp when the issue was detected, in ISO 8601 format.",
          "title": "Timestamp"
        }
      },
      "title": "SystemComponentIssueResolutionissue",
      "type": "object"
    },
    "SystemComponentIssueResolutionresolution": {
      "description": "Details about the resolution steps taken.",
      "properties": {
        "action_taken": {
          "anyOf": [
            {
              "type": "string"
            },
            {
              "type": "null"
            }
          ],
          "default": null,
          "description": "Actions taken to resolve the issue.",
          "title": "Action Taken"
        },
        "responsible_personnel": {
          "anyOf": [
            {
              "type": "string"
            },
            {
              "type": "null"
            }
          ],
          "default": null,
          "description": "Personnel responsible for the resolution.",
          "title": "Responsible Personnel"
        },
        "time_taken": {
          "anyOf": [
            {
              "type": "string"
            },
            {
              "type": "null"
            }
          ],
          "default": null,
          "description": "Time taken for resolution, in ISO 8601 duration format.",
          "title": "Time Taken"
        }
      },
      "title": "SystemComponentIssueResolutionresolution",
      "type": "object"
    },
    "SystemComponentIssueResolutionsystem_component": {
      "description": "Details about the system component.",
      "properties": {
        "name": {
          "anyOf": [
            {
              "type": "string"
            },
            {
              "type": "null"
            }
          ],
          "default": null,
          "description": "Name of the system component.",
          "title": "Name"
        },
        "type": {
          "anyOf": [
            {
              "type": "string"
            },
            {
              "type": "null"
            }
          ],
          "default": null,
          "description": "Type of the system component.",
          "title": "Type"
        },
        "specifications": {
          "anyOf": [
            {
              "type": "string"
            },
            {
              "type": "null"
            }
          ],
          "default": null,
          "description": "Specifications of the system component.",
          "title": "Specifications"
        }
      },
      "title": "SystemComponentIssueResolutionsystem_component",
      "type": "object"
    }
  },
  "description": "Schema for extracting details about system components, issues, and resolution steps.",
  "properties": {
    "system_component": {
      "anyOf": [
        {
          "$ref": "#/$defs/SystemComponentIssueResolutionsystem_component"
        },
        {
          "type": "null"
        }
      ],
      "default": null,
      "description": "Details about the system component."
    },
    "issue": {
      "anyOf": [
        {
          "$ref": "#/$defs/SystemComponentIssueResolutionissue"
        },
        {
          "type": "null"
        }
      ],
      "default": null,
      "description": "Details about the issue detected."
    },
    "resolution": {
      "anyOf": [
        {
          "$ref": "#/$defs/SystemComponentIssueResolutionresolution"
        },
        {
          "type": "null"
        }
      ],
      "default": null,
      "description": "Details about the resolution steps taken."
    }
  },
  "title": "SystemComponentIssueResolution",
  "type": "object"
}
